[INFO  - 2018-04-18T00:48:33.468Z] GhostDriver - Main - running on port 8080
[ERROR - 2018-04-18T00:48:47.501Z] RouterReqHand - _handle.error - {"name":"Variable Resource Not Found","message":"{\"headers\":{\"Connection\":\"Keep-Alive\",\"Host\":\"127.0.0.1:8080\",\"User-Agent\":\"Embarcadero URI Client/1.0\"},\"httpVersion\":\"1.1\",\"method\":\"DELETE\",\"url\":\"/session/cookie\",\"urlParsed\":{\"anchor\":\"\",\"query\":\"\",\"file\":\"cookie\",\"directory\":\"/session/\",\"path\":\"/session/cookie\",\"relative\":\"/session/cookie\",\"port\":\"\",\"host\":\"\",\"password\":\"\",\"user\":\"\",\"userInfo\":\"\",\"authority\":\"\",\"protocol\":\"\",\"source\":\"/session/cookie\",\"queryKey\":{},\"chunks\":[\"session\",\"cookie\"]}}","line":123,"sourceURL":"phantomjs://code/session_manager_request_handler.js","stack":"_deleteSessionCommand@phantomjs://code/session_manager_request_handler.js:123:74\n_handle@phantomjs://code/session_manager_request_handler.js:53:38\n_handle@phantomjs://code/router_request_handler.js:70:37"}
[INFO  - 2018-04-18T00:48:49.265Z] Session [41e2adf0-42a2-11e8-997b-c34613a0c8a5] - page.settings - {"XSSAuditingEnabled":false,"javascriptCanCloseWindows":true,"javascriptCanOpenWindows":true,"javascriptEnabled":true,"loadImages":true,"localToRemoteUrlAccessEnabled":false,"userAgent":"Mozilla/5.0 (Windows NT 6.2; Win64; x64) AppleWebKit/537.36 (KHTML, like Gecko) Chrome/32.0.1667.0 Safari/537.36","webSecurityEnabled":true}
[INFO  - 2018-04-18T00:48:49.272Z] Session [41e2adf0-42a2-11e8-997b-c34613a0c8a5] - page.customHeaders:  - {}
[INFO  - 2018-04-18T00:48:49.315Z] Session [41e2adf0-42a2-11e8-997b-c34613a0c8a5] - Session.negotiatedCapabilities - {"browserName":"phantomjs","version":"2.1.1","driverName":"ghostdriver","driverVersion":"1.2.0","platform":"windows-10-32bit","javascriptEnabled":true,"takesScreenshot":false,"handlesAlerts":false,"databaseEnabled":false,"locationContextEnabled":false,"applicationCacheEnabled":false,"browserConnectionEnabled":false,"cssSelectorsEnabled":true,"webStorageEnabled":false,"rotatable":false,"acceptSslCerts":false,"nativeEvents":true,"proxy":{"proxyType":"direct"},"phantomjs.page.settings.userAgent":"Mozilla/5.0 (Windows NT 6.2; Win64; x64) AppleWebKit/537.36 (KHTML, like Gecko) Chrome/32.0.1667.0 Safari/537.36"}
[INFO  - 2018-04-18T00:48:49.321Z] SessionManagerReqHand - _postNewSessionCommand - New Session Created: 41e2adf0-42a2-11e8-997b-c34613a0c8a5
[INFO  - 2018-04-18T00:50:16.709Z] GhostDriver - Main - running on port 8080
[ERROR - 2018-04-18T00:50:29.752Z] RouterReqHand - _handle.error - {"name":"Variable Resource Not Found","message":"{\"headers\":{\"Connection\":\"Keep-Alive\",\"Host\":\"127.0.0.1:8080\",\"User-Agent\":\"Embarcadero URI Client/1.0\"},\"httpVersion\":\"1.1\",\"method\":\"DELETE\",\"url\":\"/session/cookie\",\"urlParsed\":{\"anchor\":\"\",\"query\":\"\",\"file\":\"cookie\",\"directory\":\"/session/\",\"path\":\"/session/cookie\",\"relative\":\"/session/cookie\",\"port\":\"\",\"host\":\"\",\"password\":\"\",\"user\":\"\",\"userInfo\":\"\",\"authority\":\"\",\"protocol\":\"\",\"source\":\"/session/cookie\",\"queryKey\":{},\"chunks\":[\"session\",\"cookie\"]}}","line":123,"sourceURL":"phantomjs://code/session_manager_request_handler.js","stack":"_deleteSessionCommand@phantomjs://code/session_manager_request_handler.js:123:74\n_handle@phantomjs://code/session_manager_request_handler.js:53:38\n_handle@phantomjs://code/router_request_handler.js:70:37"}
[INFO  - 2018-04-18T00:50:33.068Z] Session [7fc210c0-42a2-11e8-bc56-4b882329095d] - page.settings - {"XSSAuditingEnabled":false,"javascriptCanCloseWindows":true,"javascriptCanOpenWindows":true,"javascriptEnabled":true,"loadImages":true,"localToRemoteUrlAccessEnabled":false,"userAgent":"Mozilla/5.0 (Windows NT 6.2; Win64; x64) AppleWebKit/537.36 (KHTML, like Gecko) Chrome/32.0.1667.0 Safari/537.36","webSecurityEnabled":true}
[INFO  - 2018-04-18T00:50:33.074Z] Session [7fc210c0-42a2-11e8-bc56-4b882329095d] - page.customHeaders:  - {}
[INFO  - 2018-04-18T00:50:33.114Z] Session [7fc210c0-42a2-11e8-bc56-4b882329095d] - Session.negotiatedCapabilities - {"browserName":"phantomjs","version":"2.1.1","driverName":"ghostdriver","driverVersion":"1.2.0","platform":"windows-10-32bit","javascriptEnabled":true,"takesScreenshot":false,"handlesAlerts":false,"databaseEnabled":false,"locationContextEnabled":false,"applicationCacheEnabled":false,"browserConnectionEnabled":false,"cssSelectorsEnabled":true,"webStorageEnabled":false,"rotatable":false,"acceptSslCerts":false,"nativeEvents":true,"proxy":{"proxyType":"direct"},"phantomjs.page.settings.userAgent":"Mozilla/5.0 (Windows NT 6.2; Win64; x64) AppleWebKit/537.36 (KHTML, like Gecko) Chrome/32.0.1667.0 Safari/537.36"}
[INFO  - 2018-04-18T00:50:33.122Z] SessionManagerReqHand - _postNewSessionCommand - New Session Created: 7fc210c0-42a2-11e8-bc56-4b882329095d
[ERROR - 2018-04-18T00:50:36.909Z] Session [7fc210c0-42a2-11e8-bc56-4b882329095d] - page.onError - msg: TypeError: undefined is not an object (evaluating 'multfusion.init')
[ERROR - 2018-04-18T00:50:36.992Z] Session [7fc210c0-42a2-11e8-bc56-4b882329095d] - page.onError - stack:
  init (http://images.sohu.com/bill/s2018/passion/passion.min.js:11)
  (anonymous function) (http://images.sohu.com/bill/s2018/passion/passion.min.js:11)
  execCb (http://images.sohu.com/bill/default/sohu-require.js:1)
  check (http://images.sohu.com/bill/default/sohu-require.js:1)
  (anonymous function) (http://images.sohu.com/bill/default/sohu-require.js:1)
  (anonymous function) (http://images.sohu.com/bill/default/sohu-require.js:1)
  (anonymous function) (http://images.sohu.com/bill/default/sohu-require.js:1)
  each (http://images.sohu.com/bill/default/sohu-require.js:1)
  emit (http://images.sohu.com/bill/default/sohu-require.js:1)
  check (http://images.sohu.com/bill/default/sohu-require.js:1)
  enable (http://images.sohu.com/bill/default/sohu-require.js:1)
  init (http://images.sohu.com/bill/default/sohu-require.js:1)
  o (http://images.sohu.com/bill/default/sohu-require.js:1)
  completeLoad (http://images.sohu.com/bill/default/sohu-require.js:1)
  onScriptLoad (http://images.sohu.com/bill/default/sohu-require.js:1)
[ERROR - 2018-04-18T00:50:40.857Z] WebElementLocator - _handleLocateCommand - Element(s) NOT Found: GAVE UP. Search Stop Time: 1524012640816
[ERROR - 2018-04-18T00:50:41.614Z] RouterReqHand - _handle.error - {"name":"Invalid Command Method","message":"{\"headers\":{\"Accept\":\"*/*\",\"Connection\":\"Keep-Alive\",\"Content-Length\":\"89\",\"Content-Type\":\"application/json\",\"Host\":\"127.0.0.1:8080\",\"User-Agent\":\"Delphi http Client\"},\"httpVersion\":\"1.1\",\"method\":\"POST\",\"post\":\"{\\\"value\\\":[\\\"w\\\",\\\"a\\\",\\\"c\\\",\\\"@\\\",\\\"y\\\",\\\"e\\\",\\\"a\\\",\\\"h\\\",\\\".\\\",\\\"n\\\",\\\"e\\\",\\\"t\\\"],\\\"text\\\":\\\"wac@yeah.net\\\",\\\"id\\\":\\\"\\\"}\",\"url\":\"\",\"urlParsed\":{\"anchor\":\"\",\"query\":\"\",\"file\":\"\",\"directory\":\"\",\"path\":\"\",\"relative\":\"\",\"port\":\"\",\"host\":\"\",\"password\":\"\",\"user\":\"\",\"userInfo\":\"\",\"authority\":\"\",\"protocol\":\"\",\"source\":\"\",\"queryKey\":{},\"chunks\":[\"\"]},\"urlOriginal\":\"/session/7fc210c0-42a2-11e8-bc56-4b882329095d/element/value\"}","line":123,"sourceURL":"phantomjs://code/webelement_request_handler.js","stack":"_handle@phantomjs://code/webelement_request_handler.js:123:66\n_reroute@phantomjs://code/request_handler.js:61:20\n_handle@phantomjs://code/session_request_handler.js:120:42\n_reroute@phantomjs://code/request_handler.js:61:20\n_handle@phantomjs://code/router_request_handler.js:78:46"}
[ERROR - 2018-04-18T00:51:58.540Z] RouterReqHand - _handle.error - {"name":"Variable Resource Not Found","message":"{\"headers\":{\"Connection\":\"Keep-Alive\",\"Host\":\"127.0.0.1:8080\",\"User-Agent\":\"Embarcadero URI Client/1.0\"},\"httpVersion\":\"1.1\",\"method\":\"DELETE\",\"url\":\"/session/cookie\",\"urlParsed\":{\"anchor\":\"\",\"query\":\"\",\"file\":\"cookie\",\"directory\":\"/session/\",\"path\":\"/session/cookie\",\"relative\":\"/session/cookie\",\"port\":\"\",\"host\":\"\",\"password\":\"\",\"user\":\"\",\"userInfo\":\"\",\"authority\":\"\",\"protocol\":\"\",\"source\":\"/session/cookie\",\"queryKey\":{},\"chunks\":[\"session\",\"cookie\"]}}","line":123,"sourceURL":"phantomjs://code/session_manager_request_handler.js","stack":"_deleteSessionCommand@phantomjs://code/session_manager_request_handler.js:123:74\n_handle@phantomjs://code/session_manager_request_handler.js:53:38\n_handle@phantomjs://code/router_request_handler.js:70:37"}
[INFO  - 2018-04-18T00:51:58.613Z] Session [b2bfa780-42a2-11e8-bc56-4b882329095d] - page.settings - {"XSSAuditingEnabled":false,"javascriptCanCloseWindows":true,"javascriptCanOpenWindows":true,"javascriptEnabled":true,"loadImages":true,"localToRemoteUrlAccessEnabled":false,"userAgent":"Mozilla/5.0 (Windows NT 6.2; Win64; x64) AppleWebKit/537.36 (KHTML, like Gecko) Chrome/32.0.1667.0 Safari/537.36","webSecurityEnabled":true}
[INFO  - 2018-04-18T00:51:58.620Z] Session [b2bfa780-42a2-11e8-bc56-4b882329095d] - page.customHeaders:  - {}
[INFO  - 2018-04-18T00:51:58.657Z] Session [b2bfa780-42a2-11e8-bc56-4b882329095d] - Session.negotiatedCapabilities - {"browserName":"phantomjs","version":"2.1.1","driverName":"ghostdriver","driverVersion":"1.2.0","platform":"windows-10-32bit","javascriptEnabled":true,"takesScreenshot":false,"handlesAlerts":false,"databaseEnabled":false,"locationContextEnabled":false,"applicationCacheEnabled":false,"browserConnectionEnabled":false,"cssSelectorsEnabled":true,"webStorageEnabled":false,"rotatable":false,"acceptSslCerts":false,"nativeEvents":true,"proxy":{"proxyType":"direct"},"phantomjs.page.settings.userAgent":"Mozilla/5.0 (Windows NT 6.2; Win64; x64) AppleWebKit/537.36 (KHTML, like Gecko) Chrome/32.0.1667.0 Safari/537.36"}
[INFO  - 2018-04-18T00:51:58.665Z] SessionManagerReqHand - _postNewSessionCommand - New Session Created: b2bfa780-42a2-11e8-bc56-4b882329095d
[INFO  - 2018-04-18T00:55:07.042Z] GhostDriver - Main - running on port 8080
[INFO  - 2018-04-18T00:57:55.460Z] Session [87725680-42a3-11e8-abb1-f95efd5c54b1] - page.settings - {"XSSAuditingEnabled":false,"javascriptCanCloseWindows":true,"javascriptCanOpenWindows":true,"javascriptEnabled":true,"loadImages":true,"localToRemoteUrlAccessEnabled":false,"userAgent":"Mozilla/5.0 (Windows NT 6.2; Win64; x64) AppleWebKit/537.36 (KHTML, like Gecko) Chrome/32.0.1667.0 Safari/537.36","webSecurityEnabled":true}
[INFO  - 2018-04-18T00:57:55.464Z] Session [87725680-42a3-11e8-abb1-f95efd5c54b1] - page.customHeaders:  - {}
[INFO  - 2018-04-18T00:57:55.504Z] Session [87725680-42a3-11e8-abb1-f95efd5c54b1] - Session.negotiatedCapabilities - {"browserName":"phantomjs","version":"2.1.1","driverName":"ghostdriver","driverVersion":"1.2.0","platform":"windows-10-32bit","javascriptEnabled":true,"takesScreenshot":false,"handlesAlerts":false,"databaseEnabled":false,"locationContextEnabled":false,"applicationCacheEnabled":false,"browserConnectionEnabled":false,"cssSelectorsEnabled":true,"webStorageEnabled":false,"rotatable":false,"acceptSslCerts":false,"nativeEvents":true,"proxy":{"proxyType":"direct"},"phantomjs.page.settings.userAgent":"Mozilla/5.0 (Windows NT 6.2; Win64; x64) AppleWebKit/537.36 (KHTML, like Gecko) Chrome/32.0.1667.0 Safari/537.36"}
[INFO  - 2018-04-18T00:57:55.512Z] SessionManagerReqHand - _postNewSessionCommand - New Session Created: 87725680-42a3-11e8-abb1-f95efd5c54b1
[INFO  - 2018-04-18T01:00:03.096Z] GhostDriver - Main - running on port 8080
[INFO  - 2018-04-18T01:00:54.791Z] Session [f255eca0-42a3-11e8-94d0-8b1791151b93] - page.settings - {"XSSAuditingEnabled":false,"javascriptCanCloseWindows":true,"javascriptCanOpenWindows":true,"javascriptEnabled":true,"loadImages":true,"localToRemoteUrlAccessEnabled":false,"userAgent":"Mozilla/5.0 (Windows NT 6.2; Win64; x64) AppleWebKit/537.36 (KHTML, like Gecko) Chrome/32.0.1667.0 Safari/537.36","webSecurityEnabled":true}
[INFO  - 2018-04-18T01:00:54.797Z] Session [f255eca0-42a3-11e8-94d0-8b1791151b93] - page.customHeaders:  - {}
[INFO  - 2018-04-18T01:00:54.830Z] Session [f255eca0-42a3-11e8-94d0-8b1791151b93] - Session.negotiatedCapabilities - {"browserName":"phantomjs","version":"2.1.1","driverName":"ghostdriver","driverVersion":"1.2.0","platform":"windows-10-32bit","javascriptEnabled":true,"takesScreenshot":false,"handlesAlerts":false,"databaseEnabled":false,"locationContextEnabled":false,"applicationCacheEnabled":false,"browserConnectionEnabled":false,"cssSelectorsEnabled":true,"webStorageEnabled":false,"rotatable":false,"acceptSslCerts":false,"nativeEvents":true,"proxy":{"proxyType":"direct"},"phantomjs.page.settings.userAgent":"Mozilla/5.0 (Windows NT 6.2; Win64; x64) AppleWebKit/537.36 (KHTML, like Gecko) Chrome/32.0.1667.0 Safari/537.36"}
[INFO  - 2018-04-18T01:00:54.837Z] SessionManagerReqHand - _postNewSessionCommand - New Session Created: f255eca0-42a3-11e8-94d0-8b1791151b93
[INFO  - 2018-04-18T01:01:31.891Z] GhostDriver - Main - running on port 8080
[INFO  - 2018-04-18T01:01:42.206Z] Session [0e9844d0-42a4-11e8-b181-6ded90e4370f] - page.settings - {"XSSAuditingEnabled":false,"javascriptCanCloseWindows":true,"javascriptCanOpenWindows":true,"javascriptEnabled":true,"loadImages":true,"localToRemoteUrlAccessEnabled":false,"userAgent":"Mozilla/5.0 (Windows NT 6.2; Win64; x64) AppleWebKit/537.36 (KHTML, like Gecko) Chrome/32.0.1667.0 Safari/537.36","webSecurityEnabled":true}
[INFO  - 2018-04-18T01:01:42.212Z] Session [0e9844d0-42a4-11e8-b181-6ded90e4370f] - page.customHeaders:  - {}
[INFO  - 2018-04-18T01:01:42.246Z] Session [0e9844d0-42a4-11e8-b181-6ded90e4370f] - Session.negotiatedCapabilities - {"browserName":"phantomjs","version":"2.1.1","driverName":"ghostdriver","driverVersion":"1.2.0","platform":"windows-10-32bit","javascriptEnabled":true,"takesScreenshot":false,"handlesAlerts":false,"databaseEnabled":false,"locationContextEnabled":false,"applicationCacheEnabled":false,"browserConnectionEnabled":false,"cssSelectorsEnabled":true,"webStorageEnabled":false,"rotatable":false,"acceptSslCerts":false,"nativeEvents":true,"proxy":{"proxyType":"direct"},"phantomjs.page.settings.userAgent":"Mozilla/5.0 (Windows NT 6.2; Win64; x64) AppleWebKit/537.36 (KHTML, like Gecko) Chrome/32.0.1667.0 Safari/537.36"}
[INFO  - 2018-04-18T01:01:42.254Z] SessionManagerReqHand - _postNewSessionCommand - New Session Created: 0e9844d0-42a4-11e8-b181-6ded90e4370f
[INFO  - 2018-04-18T01:07:05.053Z] GhostDriver - Main - running on port 8080
[INFO  - 2018-04-18T01:08:25.261Z] Session [fed67f20-42a4-11e8-a917-27324757f765] - page.settings - {"XSSAuditingEnabled":false,"javascriptCanCloseWindows":true,"javascriptCanOpenWindows":true,"javascriptEnabled":true,"loadImages":true,"localToRemoteUrlAccessEnabled":false,"userAgent":"Mozilla/5.0 (Windows NT 6.2; Win64; x64) AppleWebKit/537.36 (KHTML, like Gecko) Chrome/32.0.1667.0 Safari/537.36","webSecurityEnabled":true}
[INFO  - 2018-04-18T01:08:25.266Z] Session [fed67f20-42a4-11e8-a917-27324757f765] - page.customHeaders:  - {}
[INFO  - 2018-04-18T01:08:25.299Z] Session [fed67f20-42a4-11e8-a917-27324757f765] - Session.negotiatedCapabilities - {"browserName":"phantomjs","version":"2.1.1","driverName":"ghostdriver","driverVersion":"1.2.0","platform":"windows-10-32bit","javascriptEnabled":true,"takesScreenshot":false,"handlesAlerts":false,"databaseEnabled":false,"locationContextEnabled":false,"applicationCacheEnabled":false,"browserConnectionEnabled":false,"cssSelectorsEnabled":true,"webStorageEnabled":false,"rotatable":false,"acceptSslCerts":false,"nativeEvents":true,"proxy":{"proxyType":"direct"},"phantomjs.page.settings.userAgent":"Mozilla/5.0 (Windows NT 6.2; Win64; x64) AppleWebKit/537.36 (KHTML, like Gecko) Chrome/32.0.1667.0 Safari/537.36"}
[INFO  - 2018-04-18T01:08:25.305Z] SessionManagerReqHand - _postNewSessionCommand - New Session Created: fed67f20-42a4-11e8-a917-27324757f765
[INFO  - 2018-04-18T01:08:43.665Z] GhostDriver - Main - running on port 8080
[INFO  - 2018-04-18T01:08:52.379Z] Session [0effc3c0-42a5-11e8-888d-c1c1865718c7] - page.settings - {"XSSAuditingEnabled":false,"javascriptCanCloseWindows":true,"javascriptCanOpenWindows":true,"javascriptEnabled":true,"loadImages":true,"localToRemoteUrlAccessEnabled":false,"userAgent":"Mozilla/5.0 (Windows NT 6.2; Win64; x64) AppleWebKit/537.36 (KHTML, like Gecko) Chrome/32.0.1667.0 Safari/537.36","webSecurityEnabled":true}
[INFO  - 2018-04-18T01:08:52.384Z] Session [0effc3c0-42a5-11e8-888d-c1c1865718c7] - page.customHeaders:  - {}
[INFO  - 2018-04-18T01:08:52.425Z] Session [0effc3c0-42a5-11e8-888d-c1c1865718c7] - Session.negotiatedCapabilities - {"browserName":"phantomjs","version":"2.1.1","driverName":"ghostdriver","driverVersion":"1.2.0","platform":"windows-10-32bit","javascriptEnabled":true,"takesScreenshot":false,"handlesAlerts":false,"databaseEnabled":false,"locationContextEnabled":false,"applicationCacheEnabled":false,"browserConnectionEnabled":false,"cssSelectorsEnabled":true,"webStorageEnabled":false,"rotatable":false,"acceptSslCerts":false,"nativeEvents":true,"proxy":{"proxyType":"direct"},"phantomjs.page.settings.userAgent":"Mozilla/5.0 (Windows NT 6.2; Win64; x64) AppleWebKit/537.36 (KHTML, like Gecko) Chrome/32.0.1667.0 Safari/537.36"}
[INFO  - 2018-04-18T01:08:52.432Z] SessionManagerReqHand - _postNewSessionCommand - New Session Created: 0effc3c0-42a5-11e8-888d-c1c1865718c7
[INFO  - 2018-04-18T07:06:01.270Z] GhostDriver - Main - running on port 8080
[INFO  - 2018-04-18T07:06:35.526Z] Session [08081770-42d7-11e8-a3ee-59e179d9d4ba] - page.settings - {"XSSAuditingEnabled":false,"javascriptCanCloseWindows":true,"javascriptCanOpenWindows":true,"javascriptEnabled":true,"loadImages":true,"localToRemoteUrlAccessEnabled":false,"userAgent":"Mozilla/5.0 (Windows NT 6.2; Win64; x64) AppleWebKit/537.36 (KHTML, like Gecko) Chrome/32.0.1667.0 Safari/537.36","webSecurityEnabled":true}
[INFO  - 2018-04-18T07:06:35.534Z] Session [08081770-42d7-11e8-a3ee-59e179d9d4ba] - page.customHeaders:  - {}
[INFO  - 2018-04-18T07:06:35.566Z] Session [08081770-42d7-11e8-a3ee-59e179d9d4ba] - Session.negotiatedCapabilities - {"browserName":"phantomjs","version":"2.1.1","driverName":"ghostdriver","driverVersion":"1.2.0","platform":"windows-10-32bit","javascriptEnabled":true,"takesScreenshot":false,"handlesAlerts":false,"databaseEnabled":false,"locationContextEnabled":false,"applicationCacheEnabled":false,"browserConnectionEnabled":false,"cssSelectorsEnabled":true,"webStorageEnabled":false,"rotatable":false,"acceptSslCerts":false,"nativeEvents":true,"proxy":{"proxyType":"direct"},"phantomjs.page.settings.userAgent":"Mozilla/5.0 (Windows NT 6.2; Win64; x64) AppleWebKit/537.36 (KHTML, like Gecko) Chrome/32.0.1667.0 Safari/537.36"}
[INFO  - 2018-04-18T07:06:35.572Z] SessionManagerReqHand - _postNewSessionCommand - New Session Created: 08081770-42d7-11e8-a3ee-59e179d9d4ba
