[INFO  - 2018-04-18T00:14:16.055Z] GhostDriver - Main - running on port 8080
[INFO  - 2018-04-18T00:20:23.284Z] Session [490bb490-429e-11e8-a26d-9998f1f9a12b] - page.settings - {"XSSAuditingEnabled":false,"javascriptCanCloseWindows":true,"javascriptCanOpenWindows":true,"javascriptEnabled":true,"loadImages":true,"localToRemoteUrlAccessEnabled":false,"userAgent":"Mozilla/5.0 (Windows NT 6.2; Win64; x64) AppleWebKit/537.36 (KHTML, like Gecko) Chrome/32.0.1667.0 Safari/537.36","webSecurityEnabled":true}
[INFO  - 2018-04-18T00:20:23.289Z] Session [490bb490-429e-11e8-a26d-9998f1f9a12b] - page.customHeaders:  - {}
[INFO  - 2018-04-18T00:20:23.320Z] Session [490bb490-429e-11e8-a26d-9998f1f9a12b] - Session.negotiatedCapabilities - {"browserName":"phantomjs","version":"2.1.1","driverName":"ghostdriver","driverVersion":"1.2.0","platform":"windows-10-32bit","javascriptEnabled":true,"takesScreenshot":false,"handlesAlerts":false,"databaseEnabled":false,"locationContextEnabled":false,"applicationCacheEnabled":false,"browserConnectionEnabled":false,"cssSelectorsEnabled":true,"webStorageEnabled":false,"rotatable":false,"acceptSslCerts":false,"nativeEvents":true,"proxy":{"proxyType":"direct"},"phantomjs.page.settings.userAgent":"Mozilla/5.0 (Windows NT 6.2; Win64; x64) AppleWebKit/537.36 (KHTML, like Gecko) Chrome/32.0.1667.0 Safari/537.36"}
[INFO  - 2018-04-18T00:20:23.328Z] SessionManagerReqHand - _postNewSessionCommand - New Session Created: 490bb490-429e-11e8-a26d-9998f1f9a12b
[INFO  - 2018-04-18T00:35:20.293Z] GhostDriver - Main - running on port 8080
[INFO  - 2018-04-18T00:35:45.577Z] Session [6ec5fdb0-42a0-11e8-9e09-317ea95b8107] - page.settings - {"XSSAuditingEnabled":false,"javascriptCanCloseWindows":true,"javascriptCanOpenWindows":true,"javascriptEnabled":true,"loadImages":true,"localToRemoteUrlAccessEnabled":false,"userAgent":"Mozilla/5.0 (Windows NT 6.2; Win64; x64) AppleWebKit/537.36 (KHTML, like Gecko) Chrome/32.0.1667.0 Safari/537.36","webSecurityEnabled":true}
[INFO  - 2018-04-18T00:35:45.585Z] Session [6ec5fdb0-42a0-11e8-9e09-317ea95b8107] - page.customHeaders:  - {}
[INFO  - 2018-04-18T00:35:45.636Z] Session [6ec5fdb0-42a0-11e8-9e09-317ea95b8107] - Session.negotiatedCapabilities - {"browserName":"phantomjs","version":"2.1.1","driverName":"ghostdriver","driverVersion":"1.2.0","platform":"windows-10-32bit","javascriptEnabled":true,"takesScreenshot":false,"handlesAlerts":false,"databaseEnabled":false,"locationContextEnabled":false,"applicationCacheEnabled":false,"browserConnectionEnabled":false,"cssSelectorsEnabled":true,"webStorageEnabled":false,"rotatable":false,"acceptSslCerts":false,"nativeEvents":true,"proxy":{"proxyType":"direct"},"phantomjs.page.settings.userAgent":"Mozilla/5.0 (Windows NT 6.2; Win64; x64) AppleWebKit/537.36 (KHTML, like Gecko) Chrome/32.0.1667.0 Safari/537.36"}
[INFO  - 2018-04-18T00:35:45.646Z] SessionManagerReqHand - _postNewSessionCommand - New Session Created: 6ec5fdb0-42a0-11e8-9e09-317ea95b8107
[ERROR - 2018-04-18T00:36:14.985Z] Session [6ec5fdb0-42a0-11e8-9e09-317ea95b8107] - page.onError - msg: ReferenceError: Can't find variable: CheckPost
[ERROR - 2018-04-18T00:36:15.002Z] Session [6ec5fdb0-42a0-11e8-9e09-317ea95b8107] - page.onError - stack:
  onsubmit (https://www.itjuzi.com/user/login:144)
  dispatchEvent (:0)
  U (:119)
  $ (:108)
  $ (:101)
  gh (:141)
  sh (:152)
  (anonymous function) (:152)
  (anonymous function) (:152)
  (anonymous function) (:153)
[INFO  - 2018-04-18T00:36:59.814Z] Session [9b066bd0-42a0-11e8-9e09-317ea95b8107] - page.settings - {"XSSAuditingEnabled":false,"javascriptCanCloseWindows":true,"javascriptCanOpenWindows":true,"javascriptEnabled":true,"loadImages":true,"localToRemoteUrlAccessEnabled":false,"userAgent":"Mozilla/5.0 (Windows NT 6.2; Win64; x64) AppleWebKit/537.36 (KHTML, like Gecko) Chrome/32.0.1667.0 Safari/537.36","webSecurityEnabled":true}
[INFO  - 2018-04-18T00:36:59.820Z] Session [9b066bd0-42a0-11e8-9e09-317ea95b8107] - page.customHeaders:  - {}
[INFO  - 2018-04-18T00:36:59.854Z] Session [9b066bd0-42a0-11e8-9e09-317ea95b8107] - Session.negotiatedCapabilities - {"browserName":"phantomjs","version":"2.1.1","driverName":"ghostdriver","driverVersion":"1.2.0","platform":"windows-10-32bit","javascriptEnabled":true,"takesScreenshot":false,"handlesAlerts":false,"databaseEnabled":false,"locationContextEnabled":false,"applicationCacheEnabled":false,"browserConnectionEnabled":false,"cssSelectorsEnabled":true,"webStorageEnabled":false,"rotatable":false,"acceptSslCerts":false,"nativeEvents":true,"proxy":{"proxyType":"direct"},"phantomjs.page.settings.userAgent":"Mozilla/5.0 (Windows NT 6.2; Win64; x64) AppleWebKit/537.36 (KHTML, like Gecko) Chrome/32.0.1667.0 Safari/537.36"}
[INFO  - 2018-04-18T00:36:59.862Z] SessionManagerReqHand - _postNewSessionCommand - New Session Created: 9b066bd0-42a0-11e8-9e09-317ea95b8107
[INFO  - 2018-04-18T00:39:43.480Z] GhostDriver - Main - running on port 8080
[INFO  - 2018-04-18T00:40:06.802Z] Session [0a77ee80-42a1-11e8-8f01-51c6c01b51f6] - page.settings - {"XSSAuditingEnabled":false,"javascriptCanCloseWindows":true,"javascriptCanOpenWindows":true,"javascriptEnabled":true,"loadImages":true,"localToRemoteUrlAccessEnabled":false,"userAgent":"Mozilla/5.0 (Windows NT 6.2; Win64; x64) AppleWebKit/537.36 (KHTML, like Gecko) Chrome/32.0.1667.0 Safari/537.36","webSecurityEnabled":true}
[INFO  - 2018-04-18T00:40:06.811Z] Session [0a77ee80-42a1-11e8-8f01-51c6c01b51f6] - page.customHeaders:  - {}
[INFO  - 2018-04-18T00:40:06.852Z] Session [0a77ee80-42a1-11e8-8f01-51c6c01b51f6] - Session.negotiatedCapabilities - {"browserName":"phantomjs","version":"2.1.1","driverName":"ghostdriver","driverVersion":"1.2.0","platform":"windows-10-32bit","javascriptEnabled":true,"takesScreenshot":false,"handlesAlerts":false,"databaseEnabled":false,"locationContextEnabled":false,"applicationCacheEnabled":false,"browserConnectionEnabled":false,"cssSelectorsEnabled":true,"webStorageEnabled":false,"rotatable":false,"acceptSslCerts":false,"nativeEvents":true,"proxy":{"proxyType":"direct"},"phantomjs.page.settings.userAgent":"Mozilla/5.0 (Windows NT 6.2; Win64; x64) AppleWebKit/537.36 (KHTML, like Gecko) Chrome/32.0.1667.0 Safari/537.36"}
[INFO  - 2018-04-18T00:40:06.860Z] SessionManagerReqHand - _postNewSessionCommand - New Session Created: 0a77ee80-42a1-11e8-8f01-51c6c01b51f6
[INFO  - 2018-04-18T00:42:16.603Z] GhostDriver - Main - running on port 8080
[INFO  - 2018-04-18T00:42:27.616Z] Session [5e681f10-42a1-11e8-9a1d-c9393d213e8f] - page.settings - {"XSSAuditingEnabled":false,"javascriptCanCloseWindows":true,"javascriptCanOpenWindows":true,"javascriptEnabled":true,"loadImages":true,"localToRemoteUrlAccessEnabled":false,"userAgent":"Mozilla/5.0 (Windows NT 6.2; Win64; x64) AppleWebKit/537.36 (KHTML, like Gecko) Chrome/32.0.1667.0 Safari/537.36","webSecurityEnabled":true}
[INFO  - 2018-04-18T00:42:27.622Z] Session [5e681f10-42a1-11e8-9a1d-c9393d213e8f] - page.customHeaders:  - {}
[INFO  - 2018-04-18T00:42:27.657Z] Session [5e681f10-42a1-11e8-9a1d-c9393d213e8f] - Session.negotiatedCapabilities - {"browserName":"phantomjs","version":"2.1.1","driverName":"ghostdriver","driverVersion":"1.2.0","platform":"windows-10-32bit","javascriptEnabled":true,"takesScreenshot":false,"handlesAlerts":false,"databaseEnabled":false,"locationContextEnabled":false,"applicationCacheEnabled":false,"browserConnectionEnabled":false,"cssSelectorsEnabled":true,"webStorageEnabled":false,"rotatable":false,"acceptSslCerts":false,"nativeEvents":true,"proxy":{"proxyType":"direct"},"phantomjs.page.settings.userAgent":"Mozilla/5.0 (Windows NT 6.2; Win64; x64) AppleWebKit/537.36 (KHTML, like Gecko) Chrome/32.0.1667.0 Safari/537.36"}
[INFO  - 2018-04-18T00:42:27.664Z] SessionManagerReqHand - _postNewSessionCommand - New Session Created: 5e681f10-42a1-11e8-9a1d-c9393d213e8f
[INFO  - 2018-04-18T00:43:38.408Z] GhostDriver - Main - running on port 8080
[INFO  - 2018-04-18T00:43:55.066Z] Session [9287a090-42a1-11e8-8227-3100ee9196fb] - page.settings - {"XSSAuditingEnabled":false,"javascriptCanCloseWindows":true,"javascriptCanOpenWindows":true,"javascriptEnabled":true,"loadImages":true,"localToRemoteUrlAccessEnabled":false,"userAgent":"Mozilla/5.0 (Windows NT 6.2; Win64; x64) AppleWebKit/537.36 (KHTML, like Gecko) Chrome/32.0.1667.0 Safari/537.36","webSecurityEnabled":true}
[INFO  - 2018-04-18T00:43:55.073Z] Session [9287a090-42a1-11e8-8227-3100ee9196fb] - page.customHeaders:  - {}
[INFO  - 2018-04-18T00:43:55.112Z] Session [9287a090-42a1-11e8-8227-3100ee9196fb] - Session.negotiatedCapabilities - {"browserName":"phantomjs","version":"2.1.1","driverName":"ghostdriver","driverVersion":"1.2.0","platform":"windows-10-32bit","javascriptEnabled":true,"takesScreenshot":false,"handlesAlerts":false,"databaseEnabled":false,"locationContextEnabled":false,"applicationCacheEnabled":false,"browserConnectionEnabled":false,"cssSelectorsEnabled":true,"webStorageEnabled":false,"rotatable":false,"acceptSslCerts":false,"nativeEvents":true,"proxy":{"proxyType":"direct"},"phantomjs.page.settings.userAgent":"Mozilla/5.0 (Windows NT 6.2; Win64; x64) AppleWebKit/537.36 (KHTML, like Gecko) Chrome/32.0.1667.0 Safari/537.36"}
[INFO  - 2018-04-18T00:43:55.119Z] SessionManagerReqHand - _postNewSessionCommand - New Session Created: 9287a090-42a1-11e8-8227-3100ee9196fb
[INFO  - 2018-04-18T00:46:21.012Z] GhostDriver - Main - running on port 8080
[ERROR - 2018-04-18T00:46:33.966Z] RouterReqHand - _handle.error - {"name":"Variable Resource Not Found","message":"{\"headers\":{\"Connection\":\"Keep-Alive\",\"Host\":\"127.0.0.1:8080\",\"User-Agent\":\"Embarcadero URI Client/1.0\"},\"httpVersion\":\"1.1\",\"method\":\"DELETE\",\"url\":\"/session/cookie\",\"urlParsed\":{\"anchor\":\"\",\"query\":\"\",\"file\":\"cookie\",\"directory\":\"/session/\",\"path\":\"/session/cookie\",\"relative\":\"/session/cookie\",\"port\":\"\",\"host\":\"\",\"password\":\"\",\"user\":\"\",\"userInfo\":\"\",\"authority\":\"\",\"protocol\":\"\",\"source\":\"/session/cookie\",\"queryKey\":{},\"chunks\":[\"session\",\"cookie\"]}}","line":123,"sourceURL":"phantomjs://code/session_manager_request_handler.js","stack":"_deleteSessionCommand@phantomjs://code/session_manager_request_handler.js:123:74\n_handle@phantomjs://code/session_manager_request_handler.js:53:38\n_handle@phantomjs://code/router_request_handler.js:70:37"}
[INFO  - 2018-04-18T00:46:34.992Z] Session [f1dadb20-42a1-11e8-b884-ad103a8f9840] - page.settings - {"XSSAuditingEnabled":false,"javascriptCanCloseWindows":true,"javascriptCanOpenWindows":true,"javascriptEnabled":true,"loadImages":true,"localToRemoteUrlAccessEnabled":false,"userAgent":"Mozilla/5.0 (Windows NT 6.2; Win64; x64) AppleWebKit/537.36 (KHTML, like Gecko) Chrome/32.0.1667.0 Safari/537.36","webSecurityEnabled":true}
[INFO  - 2018-04-18T00:46:34.998Z] Session [f1dadb20-42a1-11e8-b884-ad103a8f9840] - page.customHeaders:  - {}
[INFO  - 2018-04-18T00:46:35.036Z] Session [f1dadb20-42a1-11e8-b884-ad103a8f9840] - Session.negotiatedCapabilities - {"browserName":"phantomjs","version":"2.1.1","driverName":"ghostdriver","driverVersion":"1.2.0","platform":"windows-10-32bit","javascriptEnabled":true,"takesScreenshot":false,"handlesAlerts":false,"databaseEnabled":false,"locationContextEnabled":false,"applicationCacheEnabled":false,"browserConnectionEnabled":false,"cssSelectorsEnabled":true,"webStorageEnabled":false,"rotatable":false,"acceptSslCerts":false,"nativeEvents":true,"proxy":{"proxyType":"direct"},"phantomjs.page.settings.userAgent":"Mozilla/5.0 (Windows NT 6.2; Win64; x64) AppleWebKit/537.36 (KHTML, like Gecko) Chrome/32.0.1667.0 Safari/537.36"}
[INFO  - 2018-04-18T00:46:35.045Z] SessionManagerReqHand - _postNewSessionCommand - New Session Created: f1dadb20-42a1-11e8-b884-ad103a8f9840
